<?xml version="1.0" encoding="UTF-8"?>
<!-- Generated by org.testng.reporters.JUnitXMLReporter -->
<testsuite hostname="CHETUIWK172" ignored="0" name="Lead Relationship Management Test" tests="2" failures="0" timestamp="08 Apr 2022 17:52:48 GMT" time="213.546" errors="0">
  <testcase name="loginTest" time="21.64" classname="TigerLRM.testCases.TC_LoginTest"/>
  <testcase name="CreateLeadPage" time="70.292" classname="TigerLRM.testCases.TC2_CreateLeadPage"/>
</testsuite> <!-- Lead Relationship Management Test -->
